[INFO][2021/11/04 09:36:22][django.utils.autoreload - run_with_reloader] - 637: Watching for file changes with StatReloader
[INFO][2021/11/04 09:42:29][django.utils.autoreload - trigger_reload] - 251: /Users/hungnk2/Works/Projects/backend/simple_phone_number_tracer/phone_number_tracer/api.py changed, reloading.
[INFO][2021/11/04 09:42:29][django.utils.autoreload - run_with_reloader] - 637: Watching for file changes with StatReloader
[INFO][2021/11/04 09:42:36][django.utils.autoreload - trigger_reload] - 251: /Users/hungnk2/Works/Projects/backend/simple_phone_number_tracer/services/place.py changed, reloading.
[INFO][2021/11/04 09:42:36][django.utils.autoreload - run_with_reloader] - 637: Watching for file changes with StatReloader
[INFO][2021/11/04 09:42:51][django.utils.autoreload - trigger_reload] - 251: /Users/hungnk2/Works/Projects/backend/simple_phone_number_tracer/services/place.py changed, reloading.
[INFO][2021/11/04 09:42:52][django.utils.autoreload - run_with_reloader] - 637: Watching for file changes with StatReloader
[INFO][2021/11/04 09:42:54][django.utils.autoreload - trigger_reload] - 251: /Users/hungnk2/Works/Projects/backend/simple_phone_number_tracer/services/place.py changed, reloading.
[INFO][2021/11/04 09:42:54][django.utils.autoreload - run_with_reloader] - 637: Watching for file changes with StatReloader
[INFO][2021/11/04 09:44:40][django.utils.autoreload - trigger_reload] - 251: /Users/hungnk2/Works/Projects/backend/simple_phone_number_tracer/services/place.py changed, reloading.
[INFO][2021/11/04 09:44:41][django.utils.autoreload - run_with_reloader] - 637: Watching for file changes with StatReloader
[INFO][2021/11/04 09:46:03][django.utils.autoreload - trigger_reload] - 251: /Users/hungnk2/Works/Projects/backend/simple_phone_number_tracer/phone_number_tracer/api.py changed, reloading.
[INFO][2021/11/04 09:46:04][django.utils.autoreload - run_with_reloader] - 637: Watching for file changes with StatReloader
[WARNING][2021/11/04 09:46:18][django.request - log_response] - 224: Not Found: /
[WARNING][2021/11/04 09:46:18][django.server - log_message] - 161: "GET / HTTP/1.1" 404 2182
[WARNING][2021/11/04 09:46:22][django.request - log_response] - 224: Not Found: /address
[WARNING][2021/11/04 09:46:22][django.server - log_message] - 161: "GET /address HTTP/1.1" 404 2221
[WARNING][2021/11/04 09:46:38][django.request - log_response] - 224: Bad Request: /getphonenumber
[WARNING][2021/11/04 09:46:38][django.server - log_message] - 161: "GET /getphonenumber HTTP/1.1" 400 5313
[INFO][2021/11/04 09:46:39][django.server - log_message] - 161: "GET /static/rest_framework/js/bootstrap.min.js HTTP/1.1" 200 39680
[INFO][2021/11/04 09:46:39][django.server - log_message] - 161: "GET /static/rest_framework/css/bootstrap.min.css HTTP/1.1" 200 121457
[INFO][2021/11/04 09:46:39][django.server - log_message] - 161: "GET /static/rest_framework/js/jquery-3.5.1.min.js HTTP/1.1" 200 89476
[INFO][2021/11/04 09:46:54][django.server - log_message] - 161: "GET /getphonenumber?address=%22Nh%C3%A0%20th%E1%BB%9D%20%C4%90%E1%BB%A9c%20B%C3%A0%22 HTTP/1.1" 200 5605
[INFO][2021/11/04 09:48:32][django.utils.autoreload - trigger_reload] - 251: /Users/hungnk2/Works/Projects/backend/simple_phone_number_tracer/simple_phone_number_tracer/settings.py changed, reloading.
[INFO][2021/11/04 09:48:32][django.utils.autoreload - run_with_reloader] - 637: Watching for file changes with StatReloader
[INFO][2021/11/04 09:48:36][django.server - log_message] - 161: "GET /getphonenumber?address=%22Nh%C3%A0%20th%E1%BB%9D%20%C4%90%E1%BB%A9c%20B%C3%A0%22 HTTP/1.1" 200 5605
[INFO][2021/11/04 09:49:04][django.utils.autoreload - trigger_reload] - 251: /Users/hungnk2/Works/Projects/backend/simple_phone_number_tracer/simple_phone_number_tracer/settings.py changed, reloading.
[INFO][2021/11/04 09:49:04][django.utils.autoreload - run_with_reloader] - 637: Watching for file changes with StatReloader
[INFO][2021/11/04 09:49:10][django.utils.autoreload - trigger_reload] - 251: /Users/hungnk2/Works/Projects/backend/simple_phone_number_tracer/simple_phone_number_tracer/settings.py changed, reloading.
